<?xml version="1.0" encoding="UTF-8"?>
<!-- Generated by org.testng.reporters.JUnitXMLReporter -->
<testsuite hostname="GURM39446" failures="0" tests="3" name="restassured" time="5.399" errors="0" timestamp="16 Dec 2017 07:09:36 GMT">
  <testcase classname="com.test.restassured.framwork.AppTest" name="testRegisterUserApiStatusCode" time="2.435"/>
  <testcase classname="com.test.restassured.framwork.AppTest" name="testRegisterUserApiContainsToke" time="1.696"/>
  <testcase classname="com.test.restassured.framwork.AppTest" name="testRegisterUserApiResponseJsonSchemaValidation" time="1.251"/>
</testsuite> <!-- restassured -->
