<?xml version="1.0" encoding="UTF-8"?>
<!-- Generated by org.testng.reporters.JUnitXMLReporter -->
<testsuite hostname="GURM39446" failures="0" tests="2" name="Default test" time="4.61" errors="0" timestamp="16 Dec 2017 06:11:59 GMT">
  <testcase classname="com.test.restassured.RestAssuredTest.AppTest" name="testRegisterUserApiStatusCode" time="2.907"/>
  <testcase classname="com.test.restassured.RestAssuredTest.AppTest" name="testRegisterUserApiResponseJsonSchemaValidation" time="1.703"/>
</testsuite> <!-- Default test -->
