<?xml version="1.0" encoding="UTF-8"?>
<!-- Generated by org.testng.reporters.JUnitXMLReporter -->
<testsuite hostname="GURM39446" failures="0" tests="3" name="Test" time="9.073" errors="0" timestamp="27 Dec 2017 01:10:57 GMT">
  <testcase classname="com.test.restassured.framwork.LoginTest" name="testFetchUsers" time="5.191"/>
  <testcase classname="com.test.restassured.framwork.LoginTest" name="testHasItems" time="2.407"/>
  <testcase classname="com.test.restassured.framwork.LoginTest" name="testLoginSuccessful" time="1.445"/>
</testsuite> <!-- Test -->
