<?xml version="1.0" encoding="UTF-8" ?>
<testsuite tests="3" failures="1" name="com.test.restassured.framwork.AppTest" time="6.063" errors="0" skipped="0">
  <properties>
[...]
</properties>
  <testcase classname="com.test.restassured.framwork.AppTest" name="testRegisterUserApiStatusCode" time="3.531"/>
  <testcase classname="com.test.restassured.framwork.AppTest" name="testRegisterUserApiContainsToke" time="1.658"/>
  <testcase classname="com.test.restassured.framwork.AppTest" name="testRegisterUserApiResponseJsonSchemaValidation" time="0.874">
    <failure message="Schema to use cannot be null" type="java.lang.IllegalArgumentException">java.lang.IllegalArgumentException: Schema to use cannot be null
	at io.restassured.module.jsv.JsonSchemaValidator.validateSchemaIsNotNull(JsonSchemaValidator.java:270)
	at io.restassured.module.jsv.JsonSchemaValidator.access$300(JsonSchemaValidator.java:75)
	at io.restassured.module.jsv.JsonSchemaValidator$JsonSchemaValidatorFactory.create(JsonSchemaValidator.java:281)
	at io.restassured.module.jsv.JsonSchemaValidator.matchesJsonSchema(JsonSchemaValidator.java:166)
	at io.restassured.module.jsv.JsonSchemaValidator.matchesJsonSchemaInClasspath(JsonSchemaValidator.java:117)
	at com.test.restassured.framwork.AppTest.testRegisterUserApiResponseJsonSchemaValidation(AppTest.java:59)
</failure>
  </testcase>
</testsuite>