<?xml version="1.0" encoding="UTF-8"?>
<testng-results total="3" passed="2" failed="1" skipped="0">
  <reporter-output>
  </reporter-output>
  <suite started-at="2017-12-16T06:50:31Z" name="com.test.restassured.framwork.AppTest" finished-at="2017-12-16T06:50:37Z" duration-ms="6063">
    <groups>
      <group name="register1">
        <method signature="AppTest.testRegisterUserApiResponseJsonSchemaValidation()[pri:0, instance:com.test.restassured.framwork.AppTest@76908cc0]" name="testRegisterUserApiResponseJsonSchemaValidation" class="com.test.restassured.framwork.AppTest"/>
      </group> <!-- register1 -->
      <group name="register">
        <method signature="AppTest.testRegisterUserApiContainsToke()[pri:0, instance:com.test.restassured.framwork.AppTest@76908cc0]" name="testRegisterUserApiContainsToke" class="com.test.restassured.framwork.AppTest"/>
        <method signature="AppTest.testRegisterUserApiStatusCode()[pri:0, instance:com.test.restassured.framwork.AppTest@76908cc0]" name="testRegisterUserApiStatusCode" class="com.test.restassured.framwork.AppTest"/>
      </group> <!-- register -->
    </groups>
    <test started-at="2017-12-16T06:50:31Z" name="Command line test" finished-at="2017-12-16T06:50:37Z" duration-ms="6063">
      <class name="com.test.restassured.framwork.AppTest">
        <test-method is-config="true" signature="setUp()[pri:0, instance:com.test.restassured.framwork.AppTest@76908cc0]" started-at="2017-12-16T12:20:30Z" name="setUp" finished-at="2017-12-16T12:20:31Z" duration-ms="391" status="PASS">
          <reporter-output>
          </reporter-output>
        </test-method> <!-- setUp -->
        <test-method signature="testRegisterUserApiStatusCode()[pri:0, instance:com.test.restassured.framwork.AppTest@76908cc0]" started-at="2017-12-16T12:20:31Z" name="testRegisterUserApiStatusCode" finished-at="2017-12-16T12:20:34Z" duration-ms="3531" status="PASS">
          <reporter-output>
          </reporter-output>
        </test-method> <!-- testRegisterUserApiStatusCode -->
        <test-method signature="testRegisterUserApiContainsToke()[pri:0, instance:com.test.restassured.framwork.AppTest@76908cc0]" started-at="2017-12-16T12:20:34Z" name="testRegisterUserApiContainsToke" finished-at="2017-12-16T12:20:36Z" duration-ms="1658" status="PASS">
          <reporter-output>
          </reporter-output>
        </test-method> <!-- testRegisterUserApiContainsToke -->
        <test-method signature="testRegisterUserApiResponseJsonSchemaValidation()[pri:0, instance:com.test.restassured.framwork.AppTest@76908cc0]" started-at="2017-12-16T12:20:36Z" name="testRegisterUserApiResponseJsonSchemaValidation" finished-at="2017-12-16T12:20:37Z" depends-on-methods="com.test.restassured.framwork.AppTest.testRegisterUserApiStatusCode" duration-ms="858" status="FAIL">
          <exception class="java.lang.IllegalArgumentException">
            <message>
              <![CDATA[Schema to use cannot be null]]>
            </message>
            <full-stacktrace>
              <![CDATA[java.lang.IllegalArgumentException: Schema to use cannot be null
	at io.restassured.module.jsv.JsonSchemaValidator.validateSchemaIsNotNull(JsonSchemaValidator.java:270)
	at io.restassured.module.jsv.JsonSchemaValidator.access$300(JsonSchemaValidator.java:75)
	at io.restassured.module.jsv.JsonSchemaValidator$JsonSchemaValidatorFactory.create(JsonSchemaValidator.java:281)
	at io.restassured.module.jsv.JsonSchemaValidator.matchesJsonSchema(JsonSchemaValidator.java:166)
	at io.restassured.module.jsv.JsonSchemaValidator.matchesJsonSchemaInClasspath(JsonSchemaValidator.java:117)
	at com.test.restassured.framwork.AppTest.testRegisterUserApiResponseJsonSchemaValidation(AppTest.java:59)
	at java.base/jdk.internal.reflect.NativeMethodAccessorImpl.invoke0(Native Method)
	at java.base/jdk.internal.reflect.NativeMethodAccessorImpl.invoke(NativeMethodAccessorImpl.java:62)
	at java.base/jdk.internal.reflect.DelegatingMethodAccessorImpl.invoke(DelegatingMethodAccessorImpl.java:43)
	at java.base/java.lang.reflect.Method.invoke(Method.java:564)
	at org.testng.internal.MethodInvocationHelper.invokeMethod(MethodInvocationHelper.java:80)
	at org.testng.internal.Invoker.invokeMethod(Invoker.java:714)
	at org.testng.internal.Invoker.invokeTestMethod(Invoker.java:901)
	at org.testng.internal.Invoker.invokeTestMethods(Invoker.java:1231)
	at org.testng.internal.TestMethodWorker.invokeTestMethods(TestMethodWorker.java:127)
	at org.testng.internal.TestMethodWorker.run(TestMethodWorker.java:111)
	at org.testng.TestRunner.privateRun(TestRunner.java:767)
	at org.testng.TestRunner.run(TestRunner.java:617)
	at org.testng.SuiteRunner.runTest(SuiteRunner.java:334)
	at org.testng.SuiteRunner.runSequentially(SuiteRunner.java:329)
	at org.testng.SuiteRunner.privateRun(SuiteRunner.java:291)
	at org.testng.SuiteRunner.run(SuiteRunner.java:240)
	at org.testng.SuiteRunnerWorker.runSuite(SuiteRunnerWorker.java:52)
	at org.testng.SuiteRunnerWorker.run(SuiteRunnerWorker.java:86)
	at org.testng.TestNG.runSuitesSequentially(TestNG.java:1198)
	at org.testng.TestNG.runSuitesLocally(TestNG.java:1123)
	at org.testng.TestNG.run(TestNG.java:1031)
	at org.apache.maven.surefire.testng.TestNGExecutor.run(TestNGExecutor.java:77)
	at org.apache.maven.surefire.testng.TestNGDirectoryTestSuite.execute(TestNGDirectoryTestSuite.java:110)
	at org.apache.maven.surefire.testng.TestNGProvider.invoke(TestNGProvider.java:106)
	at java.base/jdk.internal.reflect.NativeMethodAccessorImpl.invoke0(Native Method)
	at java.base/jdk.internal.reflect.NativeMethodAccessorImpl.invoke(NativeMethodAccessorImpl.java:62)
	at java.base/jdk.internal.reflect.DelegatingMethodAccessorImpl.invoke(DelegatingMethodAccessorImpl.java:43)
	at java.base/java.lang.reflect.Method.invoke(Method.java:564)
	at org.apache.maven.surefire.util.ReflectionUtils.invokeMethodWithArray(ReflectionUtils.java:189)
	at org.apache.maven.surefire.booter.ProviderFactory$ProviderProxy.invoke(ProviderFactory.java:165)
	at org.apache.maven.surefire.booter.ProviderFactory.invokeProvider(ProviderFactory.java:85)
	at org.apache.maven.surefire.booter.ForkedBooter.runSuitesInProcess(ForkedBooter.java:115)
	at org.apache.maven.surefire.booter.ForkedBooter.main(ForkedBooter.java:75)
]]>
            </full-stacktrace>
          </exception> <!-- java.lang.IllegalArgumentException -->
          <reporter-output>
          </reporter-output>
        </test-method> <!-- testRegisterUserApiResponseJsonSchemaValidation -->
      </class> <!-- com.test.restassured.framwork.AppTest -->
    </test> <!-- Command line test -->
  </suite> <!-- com.test.restassured.framwork.AppTest -->
</testng-results>
