<?xml version="1.0" encoding="UTF-8"?>
<testng-results total="2" passed="2" failed="0" skipped="0">
  <reporter-output>
  </reporter-output>
  <suite started-at="2017-12-16T07:13:16Z" name="Suite" finished-at="2017-12-16T07:13:20Z" duration-ms="4113">
    <groups>
      <group name="register">
        <method signature="AppTest.testRegisterUserApiContainsToke()[pri:0, instance:com.test.restassured.framwork.AppTest@4009e306]" name="testRegisterUserApiContainsToke" class="com.test.restassured.framwork.AppTest"/>
        <method signature="AppTest.testRegisterUserApiStatusCode()[pri:0, instance:com.test.restassured.framwork.AppTest@4009e306]" name="testRegisterUserApiStatusCode" class="com.test.restassured.framwork.AppTest"/>
      </group> <!-- register -->
    </groups>
    <test started-at="2017-12-16T07:13:16Z" name="Test" finished-at="2017-12-16T07:13:20Z" duration-ms="4113">
      <class name="com.test.restassured.framwork.AppTest">
        <test-method is-config="true" signature="setUp()[pri:0, instance:com.test.restassured.framwork.AppTest@4009e306]" started-at="2017-12-16T12:43:16Z" name="setUp" finished-at="2017-12-16T12:43:16Z" duration-ms="368" status="PASS">
          <reporter-output>
          </reporter-output>
        </test-method> <!-- setUp -->
        <test-method is-config="true" signature="setUpBeforeTest()[pri:0, instance:com.test.restassured.framwork.AppTest@4009e306]" started-at="2017-12-16T12:43:16Z" name="setUpBeforeTest" finished-at="2017-12-16T12:43:16Z" duration-ms="1" status="PASS">
          <reporter-output>
          </reporter-output>
        </test-method> <!-- setUpBeforeTest -->
        <test-method signature="testRegisterUserApiStatusCode()[pri:0, instance:com.test.restassured.framwork.AppTest@4009e306]" started-at="2017-12-16T12:43:16Z" name="testRegisterUserApiStatusCode" finished-at="2017-12-16T12:43:19Z" duration-ms="2397" status="PASS">
          <reporter-output>
          </reporter-output>
        </test-method> <!-- testRegisterUserApiStatusCode -->
        <test-method signature="testRegisterUserApiContainsToke()[pri:0, instance:com.test.restassured.framwork.AppTest@4009e306]" started-at="2017-12-16T12:43:19Z" name="testRegisterUserApiContainsToke" finished-at="2017-12-16T12:43:20Z" duration-ms="1697" status="PASS">
          <reporter-output>
          </reporter-output>
        </test-method> <!-- testRegisterUserApiContainsToke -->
      </class> <!-- com.test.restassured.framwork.AppTest -->
    </test> <!-- Test -->
  </suite> <!-- Suite -->
</testng-results>
